YoutubeExtractor/app/build/intermediates/manifest_merge_blame_file/debug/manifest-merger-blame-debug-report.txt
1<?xml version="1.0" encoding="utf-8"?>
2<manifest xmlns:android="http://schemas.android.com/apk/res/android"
3    package="com.naveed.ytextractor"
4    android:versionCode="1"
5    android:versionName="1.0" >
6
7    <uses-sdk
8        android:minSdkVersion="26"
8-->src\main\AndroidManifest.xml
9        android:targetSdkVersion="29" />
9-->src\main\AndroidManifest.xml
10
11    <uses-permission android:name="android.permission.INTERNET" />
11-->src\main\AndroidManifest.xml:4:5-67
11-->src\main\AndroidManifest.xml:4:22-64
12
13    <application
13-->src\main\AndroidManifest.xml:7:5-24:19
14        android:allowBackup="true"
14-->src\main\AndroidManifest.xml:8:9-35
15        android:debuggable="true"
16        android:extractNativeLibs="false"
17        android:icon="@drawable/ic_launcher"
17-->src\main\AndroidManifest.xml:9:9-45
18        android:label="@string/app_name"
18-->src\main\AndroidManifest.xml:10:9-41
19        android:resizeableActivity="true"
19-->src\main\AndroidManifest.xml:12:3-38
20        android:theme="@style/AppTheme" >
20-->src\main\AndroidManifest.xml:11:9-40
21        <activity
21-->src\main\AndroidManifest.xml:13:9-23:20
22            android:name="com.naveed.ytextractor.MainActivity"
22-->src\main\AndroidManifest.xml:14:13-41
23            android:configChanges="orientation|keyboardHidden"
23-->src\main\AndroidManifest.xml:16:4-54
24            android:label="@string/app_name"
24-->src\main\AndroidManifest.xml:17:13-45
25            android:screenOrientation="portrait" >
25-->src\main\AndroidManifest.xml:15:4-40
26            <intent-filter>
26-->src\main\AndroidManifest.xml:18:13-22:29
27                <action android:name="android.intent.action.MAIN" />
27-->src\main\AndroidManifest.xml:19:17-69
27-->src\main\AndroidManifest.xml:19:25-66
28
29                <category android:name="android.intent.category.LAUNCHER" />
29-->src\main\AndroidManifest.xml:21:17-77
29-->src\main\AndroidManifest.xml:21:27-74
30            </intent-filter>
31        </activity>
32    </application>
33
34</manifest>